2026-01-10 12:15:48,937 | START: Year 2023 | Filter ALL | File microdados_saeb_2023.zip
2026-01-10 12:15:48,958 | Grade 5EF mapped: MEDIA_5EF_LP, MEDIA_5EF_MT
2026-01-10 12:15:48,958 | Grade 9EF mapped: MEDIA_9EF_LP, MEDIA_9EF_MT
2026-01-10 12:15:48,958 | Grade 3EM mapped: MEDIA_EM_LP, MEDIA_EM_MT
2026-01-10 12:15:48,963 | Critical: Usecols do not match columns, columns expected but not found: ['ID_DEPENDENCIA_ADM']
2026-01-10 14:07:29,319 | START: Year 2023 | Filter ALL | File microdados_saeb_2023.zip
2026-01-10 14:07:29,357 | Grade 5EF mapped: MEDIA_5EF_LP, MEDIA_5EF_MT
2026-01-10 14:07:29,357 | Grade 9EF mapped: MEDIA_9EF_LP, MEDIA_9EF_MT
2026-01-10 14:07:29,357 | Grade 3EM mapped: MEDIA_EM_LP, MEDIA_EM_MT
2026-01-10 14:07:29,783 | Success. Saved saeb_unified_2023_all
INFO:root:   Mapped 5EF: MEDIA_5EF_LP, MEDIA_5EF_MT
INFO:root:   Mapped 9EF: MEDIA_9EF_LP, MEDIA_9EF_MT
INFO:root:   Mapped 3EM: MEDIA_EM_LP, MEDIA_EM_MT
INFO:root:   Mapped 5EF: MEDIA_5EF_LP, MEDIA_5EF_MT
INFO:root:   Mapped 9EF: MEDIA_9EF_LP, MEDIA_9EF_MT
INFO:root:   Mapped 3EM: MEDIA_EM_LP, MEDIA_EM_MT
INFO:root:   Mapped 5EF: MEDIA_5EF_LP, MEDIA_5EF_MT
INFO:root:   Mapped 9EF: MEDIA_9EF_LP, MEDIA_9EF_MT
INFO:root:   Mapped 3EM: MEDIA_EM_LP, MEDIA_EM_MT
INFO:root:   Mapped 5EF: MEDIA_5EF_LP, MEDIA_5EF_MT
INFO:root:   Mapped 9EF: MEDIA_9EF_LP, MEDIA_9EF_MT
INFO:root:   Mapped 3EM: MEDIA_EM_LP, MEDIA_EM_MT
INFO:root:   Mapped 5EF: MEDIA_5EF_LP, MEDIA_5EF_MT
INFO:root:   Mapped 9EF: MEDIA_9EF_LP, MEDIA_9EF_MT
INFO:root:   Mapped 3EM: MEDIA_EM_LP, MEDIA_EM_MT
INFO:root:   Mapped 5EF: MEDIA_5EF_LP, MEDIA_5EF_MT
INFO:root:   Mapped 9EF: MEDIA_9EF_LP, MEDIA_9EF_MT
INFO:root:   Mapped 3EM: MEDIA_EM_LP, MEDIA_EM_MT
INFO:root:   Mapped 5EF: MEDIA_5EF_LP, MEDIA_5EF_MT
INFO:root:   Mapped 9EF: MEDIA_9EF_LP, MEDIA_9EF_MT
INFO:root:   Mapped 3EM: MEDIA_EM_LP, MEDIA_EM_MT
