2026-01-10 12:15:11,115 | START: Year 2017 | Filter ALL | File microdados_saeb_2017.zip
2026-01-10 12:15:11,135 | Grade 5EF mapped: MEDIA_5EF_LP, MEDIA_5EF_MT
2026-01-10 12:15:11,135 | Grade 9EF mapped: MEDIA_9EF_LP, MEDIA_9EF_MT
2026-01-10 12:15:11,135 | Grade 3EM mapped: MEDIA_3EM_LP, MEDIA_3EM_MT
2026-01-10 12:15:11,140 | Critical: Usecols do not match columns, columns expected but not found: ['ID_DEPENDENCIA_ADM']
2026-01-10 12:15:48,914 | START: Year 2017 | Filter ALL | File microdados_saeb_2017.zip
2026-01-10 12:15:48,931 | Grade 5EF mapped: MEDIA_5EF_LP, MEDIA_5EF_MT
2026-01-10 12:15:48,931 | Grade 9EF mapped: MEDIA_9EF_LP, MEDIA_9EF_MT
2026-01-10 12:15:48,931 | Grade 3EM mapped: MEDIA_3EM_LP, MEDIA_3EM_MT
2026-01-10 12:15:48,935 | Critical: Usecols do not match columns, columns expected but not found: ['ID_DEPENDENCIA_ADM']
2026-01-10 14:07:28,828 | START: Year 2017 | Filter ALL | File microdados_saeb_2017.zip
2026-01-10 14:07:28,871 | Grade 5EF mapped: MEDIA_5EF_LP, MEDIA_5EF_MT
2026-01-10 14:07:28,871 | Grade 9EF mapped: MEDIA_9EF_LP, MEDIA_9EF_MT
2026-01-10 14:07:28,871 | Grade 3EM mapped: MEDIA_3EM_LP, MEDIA_3EM_MT
2026-01-10 14:07:29,317 | Success. Saved saeb_unified_2017_all
INFO:root:   Mapped 5EF: MEDIA_5EF_LP, MEDIA_5EF_MT
INFO:root:   Mapped 9EF: MEDIA_9EF_LP, MEDIA_9EF_MT
INFO:root:   Mapped 3EM: MEDIA_3EM_LP, MEDIA_3EM_MT
INFO:root:   Mapped 5EF: MEDIA_5EF_LP, MEDIA_5EF_MT
INFO:root:   Mapped 9EF: MEDIA_9EF_LP, MEDIA_9EF_MT
INFO:root:   Mapped 3EM: MEDIA_3EM_LP, MEDIA_3EM_MT
INFO:root:   Mapped 5EF: MEDIA_5EF_LP, MEDIA_5EF_MT
INFO:root:   Mapped 9EF: MEDIA_9EF_LP, MEDIA_9EF_MT
INFO:root:   Mapped 3EM: MEDIA_3EM_LP, MEDIA_3EM_MT
INFO:root:   Mapped 5EF: MEDIA_5EF_LP, MEDIA_5EF_MT
INFO:root:   Mapped 9EF: MEDIA_9EF_LP, MEDIA_9EF_MT
INFO:root:   Mapped 3EM: MEDIA_3EM_LP, MEDIA_3EM_MT
INFO:root:   Mapped 5EF: MEDIA_5EF_LP, MEDIA_5EF_MT
INFO:root:   Mapped 9EF: MEDIA_9EF_LP, MEDIA_9EF_MT
INFO:root:   Mapped 3EM: MEDIA_3EM_LP, MEDIA_3EM_MT
INFO:root:   Mapped 5EF: MEDIA_5EF_LP, MEDIA_5EF_MT
INFO:root:   Mapped 9EF: MEDIA_9EF_LP, MEDIA_9EF_MT
INFO:root:   Mapped 3EM: MEDIA_3EM_LP, MEDIA_3EM_MT
INFO:root:   Mapped 5EF: MEDIA_5EF_LP, MEDIA_5EF_MT
INFO:root:   Mapped 9EF: MEDIA_9EF_LP, MEDIA_9EF_MT
INFO:root:   Mapped 3EM: MEDIA_3EM_LP, MEDIA_3EM_MT
